2025-10-26T14:04:23.185+01:00  INFO 13996 --- [pi-cloud] [main] de.turtle.PiCloudApplication             : Starting PiCloudApplication using Java 24.0.2 with PID 13996 (C:\Users\Admin\Projects\pi_cloud\target\classes started by Admin in C:\Users\Admin\Projects\pi_cloud)
2025-10-26T14:04:23.193+01:00  INFO 13996 --- [pi-cloud] [main] de.turtle.PiCloudApplication             : No active profile set, falling back to 1 default profile: "default"
2025-10-26T14:04:23.856+01:00  INFO 13996 --- [pi-cloud] [main] .s.d.r.c.RepositoryConfigurationDelegate : Bootstrapping Spring Data JPA repositories in DEFAULT mode.
2025-10-26T14:04:23.921+01:00  INFO 13996 --- [pi-cloud] [main] .s.d.r.c.RepositoryConfigurationDelegate : Finished Spring Data repository scanning in 53 ms. Found 1 JPA repository interface.
2025-10-26T14:04:24.365+01:00  INFO 13996 --- [pi-cloud] [main] o.s.b.w.embedded.tomcat.TomcatWebServer  : Tomcat initialized with port 8080 (http)
2025-10-26T14:04:24.385+01:00  INFO 13996 --- [pi-cloud] [main] o.apache.catalina.core.StandardService   : Starting service [Tomcat]
2025-10-26T14:04:24.385+01:00  INFO 13996 --- [pi-cloud] [main] o.apache.catalina.core.StandardEngine    : Starting Servlet engine: [Apache Tomcat/10.1.44]
2025-10-26T14:04:24.445+01:00  INFO 13996 --- [pi-cloud] [main] o.a.c.c.C.[Tomcat].[localhost].[/]       : Initializing Spring embedded WebApplicationContext
2025-10-26T14:04:24.446+01:00  INFO 13996 --- [pi-cloud] [main] w.s.c.ServletWebServerApplicationContext : Root WebApplicationContext: initialization completed in 1210 ms
2025-10-26T14:04:24.636+01:00  INFO 13996 --- [pi-cloud] [main] o.hibernate.jpa.internal.util.LogHelper  : HHH000204: Processing PersistenceUnitInfo [name: default]
2025-10-26T14:04:24.697+01:00  INFO 13996 --- [pi-cloud] [main] org.hibernate.Version                    : HHH000412: Hibernate ORM core version 6.6.26.Final
2025-10-26T14:04:24.729+01:00  INFO 13996 --- [pi-cloud] [main] o.h.c.internal.RegionFactoryInitiator    : HHH000026: Second-level cache disabled
2025-10-26T14:04:25.031+01:00  INFO 13996 --- [pi-cloud] [main] o.s.o.j.p.SpringPersistenceUnitInfo      : No LoadTimeWeaver setup: ignoring JPA class transformer
2025-10-26T14:04:25.062+01:00  INFO 13996 --- [pi-cloud] [main] com.zaxxer.hikari.HikariDataSource       : HikariPool-1 - Starting...
2025-10-26T14:04:29.354+01:00  INFO 13996 --- [pi-cloud] [main] com.zaxxer.hikari.pool.HikariPool        : HikariPool-1 - Added connection conn1: url=jdbc:h2:file:./data/picloud user=SA
2025-10-26T14:04:29.355+01:00  INFO 13996 --- [pi-cloud] [main] com.zaxxer.hikari.HikariDataSource       : HikariPool-1 - Start completed.
2025-10-26T14:04:29.375+01:00  WARN 13996 --- [pi-cloud] [main] org.hibernate.orm.deprecation            : HHH90000025: H2Dialect does not need to be specified explicitly using 'hibernate.dialect' (remove the property setting and it will be selected by default)
2025-10-26T14:04:29.389+01:00  INFO 13996 --- [pi-cloud] [main] org.hibernate.orm.connections.pooling    : HHH10001005: Database info:
	Database JDBC URL [Connecting through datasource 'HikariDataSource (HikariPool-1)']
	Database driver: undefined/unknown
	Database version: 2.3.232
	Autocommit mode: undefined/unknown
	Isolation level: undefined/unknown
	Minimum pool size: undefined/unknown
	Maximum pool size: undefined/unknown
2025-10-26T14:04:29.980+01:00  INFO 13996 --- [pi-cloud] [main] o.h.e.t.j.p.i.JtaPlatformInitiator       : HHH000489: No JTA platform available (set 'hibernate.transaction.jta.platform' to enable JTA platform integration)
2025-10-26T14:04:30.012+01:00  INFO 13996 --- [pi-cloud] [main] j.LocalContainerEntityManagerFactoryBean : Initialized JPA EntityManagerFactory for persistence unit 'default'
2025-10-26T14:04:30.313+01:00  WARN 13996 --- [pi-cloud] [main] JpaBaseConfiguration$JpaWebConfiguration : spring.jpa.open-in-view is enabled by default. Therefore, database queries may be performed during view rendering. Explicitly configure spring.jpa.open-in-view to disable this warning
2025-10-26T14:04:30.341+01:00  INFO 13996 --- [pi-cloud] [main] o.s.b.a.w.s.WelcomePageHandlerMapping    : Adding welcome page: class path resource [public/index.html]
2025-10-26T14:04:30.583+01:00  INFO 13996 --- [pi-cloud] [main] o.s.b.a.h2.H2ConsoleAutoConfiguration    : H2 console available at '/h2-console'. Database available at 'jdbc:h2:file:./data/picloud'
2025-10-26T14:04:30.673+01:00  INFO 13996 --- [pi-cloud] [main] o.s.b.w.embedded.tomcat.TomcatWebServer  : Tomcat started on port 8080 (http) with context path '/'
2025-10-26T14:04:30.682+01:00  INFO 13996 --- [pi-cloud] [main] de.turtle.PiCloudApplication             : Started PiCloudApplication in 7.905 seconds (process running for 8.176)
2025-10-26T14:04:30.736+01:00  INFO 13996 --- [pi-cloud] [main] de.turtle.extern.FisHealth               : FIS native library loaded successfully.
2025-10-26T14:04:34.612+01:00  INFO 13996 --- [pi-cloud] [http-nio-192.168.178.36-8080-exec-1] o.a.c.c.C.[Tomcat].[localhost].[/]       : Initializing Spring DispatcherServlet 'dispatcherServlet'
2025-10-26T14:04:34.613+01:00  INFO 13996 --- [pi-cloud] [http-nio-192.168.178.36-8080-exec-1] o.s.web.servlet.DispatcherServlet        : Initializing Servlet 'dispatcherServlet'
2025-10-26T14:04:34.613+01:00  INFO 13996 --- [pi-cloud] [http-nio-192.168.178.36-8080-exec-1] o.s.web.servlet.DispatcherServlet        : Completed initialization in 0 ms
2025-10-26T14:04:48.334+01:00 ERROR 13996 --- [pi-cloud] [http-nio-192.168.178.36-8080-exec-2] de.turtle.controller.CloudController     : File storage error: C:\temp\pi_cloud\files\GammaDecaySpectraAnalysis.tex

java.nio.file.FileAlreadyExistsException: C:\temp\pi_cloud\files\GammaDecaySpectraAnalysis.tex
	at java.base/sun.nio.fs.WindowsException.translateToIOException(WindowsException.java:87) ~[na:na]
	at java.base/sun.nio.fs.WindowsException.rethrowAsIOException(WindowsException.java:103) ~[na:na]
	at java.base/sun.nio.fs.WindowsException.rethrowAsIOException(WindowsException.java:108) ~[na:na]
	at java.base/sun.nio.fs.WindowsFileSystemProvider.newByteChannel(WindowsFileSystemProvider.java:231) ~[na:na]
	at java.base/java.nio.file.spi.FileSystemProvider.newOutputStream(FileSystemProvider.java:426) ~[na:na]
	at java.base/java.nio.file.Files.newOutputStream(Files.java:215) ~[na:na]
	at java.base/java.nio.file.Files.copy(Files.java:2852) ~[na:na]
	at de.turtle.services.CloudService.storeFile(CloudService.java:84) ~[classes/:na]
	at java.base/jdk.internal.reflect.DirectMethodHandleAccessor.invoke(DirectMethodHandleAccessor.java:104) ~[na:na]
	at java.base/java.lang.reflect.Method.invoke(Method.java:565) ~[na:na]
	at org.springframework.aop.support.AopUtils.invokeJoinpointUsingReflection(AopUtils.java:360) ~[spring-aop-6.2.10.jar:6.2.10]
	at org.springframework.aop.framework.ReflectiveMethodInvocation.invokeJoinpoint(ReflectiveMethodInvocation.java:196) ~[spring-aop-6.2.10.jar:6.2.10]
	at org.springframework.aop.framework.ReflectiveMethodInvocation.proceed(ReflectiveMethodInvocation.java:163) ~[spring-aop-6.2.10.jar:6.2.10]
	at org.springframework.transaction.interceptor.TransactionAspectSupport.invokeWithinTransaction(TransactionAspectSupport.java:380) ~[spring-tx-6.2.10.jar:6.2.10]
	at org.springframework.transaction.interceptor.TransactionInterceptor.invoke(TransactionInterceptor.java:119) ~[spring-tx-6.2.10.jar:6.2.10]
	at org.springframework.aop.framework.ReflectiveMethodInvocation.proceed(ReflectiveMethodInvocation.java:184) ~[spring-aop-6.2.10.jar:6.2.10]
	at org.springframework.aop.framework.CglibAopProxy$DynamicAdvisedInterceptor.intercept(CglibAopProxy.java:728) ~[spring-aop-6.2.10.jar:6.2.10]
	at de.turtle.services.CloudService$$SpringCGLIB$$0.storeFile(<generated>) ~[classes/:na]
	at de.turtle.controller.CloudController.uploadFile(CloudController.java:42) ~[classes/:na]
	at java.base/jdk.internal.reflect.DirectMethodHandleAccessor.invoke(DirectMethodHandleAccessor.java:104) ~[na:na]
	at java.base/java.lang.reflect.Method.invoke(Method.java:565) ~[na:na]
	at org.springframework.web.method.support.InvocableHandlerMethod.doInvoke(InvocableHandlerMethod.java:258) ~[spring-web-6.2.10.jar:6.2.10]
	at org.springframework.web.method.support.InvocableHandlerMethod.invokeForRequest(InvocableHandlerMethod.java:191) ~[spring-web-6.2.10.jar:6.2.10]
	at org.springframework.web.servlet.mvc.method.annotation.ServletInvocableHandlerMethod.invokeAndHandle(ServletInvocableHandlerMethod.java:118) ~[spring-webmvc-6.2.10.jar:6.2.10]
	at org.springframework.web.servlet.mvc.method.annotation.RequestMappingHandlerAdapter.invokeHandlerMethod(RequestMappingHandlerAdapter.java:991) ~[spring-webmvc-6.2.10.jar:6.2.10]
	at org.springframework.web.servlet.mvc.method.annotation.RequestMappingHandlerAdapter.handleInternal(RequestMappingHandlerAdapter.java:896) ~[spring-webmvc-6.2.10.jar:6.2.10]
	at org.springframework.web.servlet.mvc.method.AbstractHandlerMethodAdapter.handle(AbstractHandlerMethodAdapter.java:87) ~[spring-webmvc-6.2.10.jar:6.2.10]
	at org.springframework.web.servlet.DispatcherServlet.doDispatch(DispatcherServlet.java:1089) ~[spring-webmvc-6.2.10.jar:6.2.10]
	at org.springframework.web.servlet.DispatcherServlet.doService(DispatcherServlet.java:979) ~[spring-webmvc-6.2.10.jar:6.2.10]
	at org.springframework.web.servlet.FrameworkServlet.processRequest(FrameworkServlet.java:1014) ~[spring-webmvc-6.2.10.jar:6.2.10]
	at org.springframework.web.servlet.FrameworkServlet.doPost(FrameworkServlet.java:914) ~[spring-webmvc-6.2.10.jar:6.2.10]
	at jakarta.servlet.http.HttpServlet.service(HttpServlet.java:590) ~[tomcat-embed-core-10.1.44.jar:6.0]
	at org.springframework.web.servlet.FrameworkServlet.service(FrameworkServlet.java:885) ~[spring-webmvc-6.2.10.jar:6.2.10]
	at jakarta.servlet.http.HttpServlet.service(HttpServlet.java:658) ~[tomcat-embed-core-10.1.44.jar:6.0]
	at org.apache.catalina.core.ApplicationFilterChain.internalDoFilter(ApplicationFilterChain.java:195) ~[tomcat-embed-core-10.1.44.jar:10.1.44]
	at org.apache.catalina.core.ApplicationFilterChain.doFilter(ApplicationFilterChain.java:140) ~[tomcat-embed-core-10.1.44.jar:10.1.44]
	at org.apache.tomcat.websocket.server.WsFilter.doFilter(WsFilter.java:51) ~[tomcat-embed-websocket-10.1.44.jar:10.1.44]
	at org.apache.catalina.core.ApplicationFilterChain.internalDoFilter(ApplicationFilterChain.java:164) ~[tomcat-embed-core-10.1.44.jar:10.1.44]
	at org.apache.catalina.core.ApplicationFilterChain.doFilter(ApplicationFilterChain.java:140) ~[tomcat-embed-core-10.1.44.jar:10.1.44]
	at org.springframework.web.filter.RequestContextFilter.doFilterInternal(RequestContextFilter.java:100) ~[spring-web-6.2.10.jar:6.2.10]
	at org.springframework.web.filter.OncePerRequestFilter.doFilter(OncePerRequestFilter.java:116) ~[spring-web-6.2.10.jar:6.2.10]
	at org.apache.catalina.core.ApplicationFilterChain.internalDoFilter(ApplicationFilterChain.java:164) ~[tomcat-embed-core-10.1.44.jar:10.1.44]
	at org.apache.catalina.core.ApplicationFilterChain.doFilter(ApplicationFilterChain.java:140) ~[tomcat-embed-core-10.1.44.jar:10.1.44]
	at org.springframework.web.filter.FormContentFilter.doFilterInternal(FormContentFilter.java:93) ~[spring-web-6.2.10.jar:6.2.10]
	at org.springframework.web.filter.OncePerRequestFilter.doFilter(OncePerRequestFilter.java:116) ~[spring-web-6.2.10.jar:6.2.10]
	at org.apache.catalina.core.ApplicationFilterChain.internalDoFilter(ApplicationFilterChain.java:164) ~[tomcat-embed-core-10.1.44.jar:10.1.44]
	at org.apache.catalina.core.ApplicationFilterChain.doFilter(ApplicationFilterChain.java:140) ~[tomcat-embed-core-10.1.44.jar:10.1.44]
	at org.springframework.web.filter.CharacterEncodingFilter.doFilterInternal(CharacterEncodingFilter.java:201) ~[spring-web-6.2.10.jar:6.2.10]
	at org.springframework.web.filter.OncePerRequestFilter.doFilter(OncePerRequestFilter.java:116) ~[spring-web-6.2.10.jar:6.2.10]
	at org.apache.catalina.core.ApplicationFilterChain.internalDoFilter(ApplicationFilterChain.java:164) ~[tomcat-embed-core-10.1.44.jar:10.1.44]
	at org.apache.catalina.core.ApplicationFilterChain.doFilter(ApplicationFilterChain.java:140) ~[tomcat-embed-core-10.1.44.jar:10.1.44]
	at org.apache.catalina.core.StandardWrapperValve.invoke(StandardWrapperValve.java:167) ~[tomcat-embed-core-10.1.44.jar:10.1.44]
	at org.apache.catalina.core.StandardContextValve.invoke(StandardContextValve.java:90) ~[tomcat-embed-core-10.1.44.jar:10.1.44]
	at org.apache.catalina.authenticator.AuthenticatorBase.invoke(AuthenticatorBase.java:483) ~[tomcat-embed-core-10.1.44.jar:10.1.44]
	at org.apache.catalina.core.StandardHostValve.invoke(StandardHostValve.java:116) ~[tomcat-embed-core-10.1.44.jar:10.1.44]
	at org.apache.catalina.valves.ErrorReportValve.invoke(ErrorReportValve.java:93) ~[tomcat-embed-core-10.1.44.jar:10.1.44]
	at org.apache.catalina.core.StandardEngineValve.invoke(StandardEngineValve.java:74) ~[tomcat-embed-core-10.1.44.jar:10.1.44]
	at org.apache.catalina.connector.CoyoteAdapter.service(CoyoteAdapter.java:344) ~[tomcat-embed-core-10.1.44.jar:10.1.44]
	at org.apache.coyote.http11.Http11Processor.service(Http11Processor.java:398) ~[tomcat-embed-core-10.1.44.jar:10.1.44]
	at org.apache.coyote.AbstractProcessorLight.process(AbstractProcessorLight.java:63) ~[tomcat-embed-core-10.1.44.jar:10.1.44]
	at org.apache.coyote.AbstractProtocol$ConnectionHandler.process(AbstractProtocol.java:903) ~[tomcat-embed-core-10.1.44.jar:10.1.44]
	at org.apache.tomcat.util.net.NioEndpoint$SocketProcessor.doRun(NioEndpoint.java:1769) ~[tomcat-embed-core-10.1.44.jar:10.1.44]
	at org.apache.tomcat.util.net.SocketProcessorBase.run(SocketProcessorBase.java:52) ~[tomcat-embed-core-10.1.44.jar:10.1.44]
	at org.apache.tomcat.util.threads.ThreadPoolExecutor.runWorker(ThreadPoolExecutor.java:1189) ~[tomcat-embed-core-10.1.44.jar:10.1.44]
	at org.apache.tomcat.util.threads.ThreadPoolExecutor$Worker.run(ThreadPoolExecutor.java:658) ~[tomcat-embed-core-10.1.44.jar:10.1.44]
	at org.apache.tomcat.util.threads.TaskThread$WrappingRunnable.run(TaskThread.java:63) ~[tomcat-embed-core-10.1.44.jar:10.1.44]
	at java.base/java.lang.Thread.run(Thread.java:1447) ~[na:na]

2025-10-26T14:05:41.059+01:00  INFO 11008 --- [pi-cloud] [main] de.turtle.PiCloudApplication             : Starting PiCloudApplication using Java 24.0.2 with PID 11008 (C:\Users\Admin\Projects\pi_cloud\target\classes started by Admin in C:\Users\Admin\Projects\pi_cloud)
2025-10-26T14:05:41.062+01:00  INFO 11008 --- [pi-cloud] [main] de.turtle.PiCloudApplication             : No active profile set, falling back to 1 default profile: "default"
2025-10-26T14:05:41.701+01:00  INFO 11008 --- [pi-cloud] [main] .s.d.r.c.RepositoryConfigurationDelegate : Bootstrapping Spring Data JPA repositories in DEFAULT mode.
2025-10-26T14:05:41.773+01:00  INFO 11008 --- [pi-cloud] [main] .s.d.r.c.RepositoryConfigurationDelegate : Finished Spring Data repository scanning in 60 ms. Found 1 JPA repository interface.
2025-10-26T14:05:42.230+01:00  INFO 11008 --- [pi-cloud] [main] o.s.b.w.embedded.tomcat.TomcatWebServer  : Tomcat initialized with port 8080 (http)
2025-10-26T14:05:42.245+01:00  INFO 11008 --- [pi-cloud] [main] o.apache.catalina.core.StandardService   : Starting service [Tomcat]
2025-10-26T14:05:42.245+01:00  INFO 11008 --- [pi-cloud] [main] o.apache.catalina.core.StandardEngine    : Starting Servlet engine: [Apache Tomcat/10.1.44]
2025-10-26T14:05:42.304+01:00  INFO 11008 --- [pi-cloud] [main] o.a.c.c.C.[Tomcat].[localhost].[/]       : Initializing Spring embedded WebApplicationContext
2025-10-26T14:05:42.305+01:00  INFO 11008 --- [pi-cloud] [main] w.s.c.ServletWebServerApplicationContext : Root WebApplicationContext: initialization completed in 1195 ms
2025-10-26T14:05:42.483+01:00  INFO 11008 --- [pi-cloud] [main] o.hibernate.jpa.internal.util.LogHelper  : HHH000204: Processing PersistenceUnitInfo [name: default]
2025-10-26T14:05:42.537+01:00  INFO 11008 --- [pi-cloud] [main] org.hibernate.Version                    : HHH000412: Hibernate ORM core version 6.6.26.Final
2025-10-26T14:05:42.574+01:00  INFO 11008 --- [pi-cloud] [main] o.h.c.internal.RegionFactoryInitiator    : HHH000026: Second-level cache disabled
2025-10-26T14:05:42.843+01:00  INFO 11008 --- [pi-cloud] [main] o.s.o.j.p.SpringPersistenceUnitInfo      : No LoadTimeWeaver setup: ignoring JPA class transformer
2025-10-26T14:05:42.873+01:00  INFO 11008 --- [pi-cloud] [main] com.zaxxer.hikari.HikariDataSource       : HikariPool-1 - Starting...
2025-10-26T14:05:47.126+01:00  INFO 11008 --- [pi-cloud] [main] com.zaxxer.hikari.pool.HikariPool        : HikariPool-1 - Added connection conn1: url=jdbc:h2:file:./data/picloud user=SA
2025-10-26T14:05:47.128+01:00  INFO 11008 --- [pi-cloud] [main] com.zaxxer.hikari.HikariDataSource       : HikariPool-1 - Start completed.
2025-10-26T14:05:47.146+01:00  WARN 11008 --- [pi-cloud] [main] org.hibernate.orm.deprecation            : HHH90000025: H2Dialect does not need to be specified explicitly using 'hibernate.dialect' (remove the property setting and it will be selected by default)
2025-10-26T14:05:47.160+01:00  INFO 11008 --- [pi-cloud] [main] org.hibernate.orm.connections.pooling    : HHH10001005: Database info:
	Database JDBC URL [Connecting through datasource 'HikariDataSource (HikariPool-1)']
	Database driver: undefined/unknown
	Database version: 2.3.232
	Autocommit mode: undefined/unknown
	Isolation level: undefined/unknown
	Minimum pool size: undefined/unknown
	Maximum pool size: undefined/unknown
2025-10-26T14:05:47.706+01:00  INFO 11008 --- [pi-cloud] [main] o.h.e.t.j.p.i.JtaPlatformInitiator       : HHH000489: No JTA platform available (set 'hibernate.transaction.jta.platform' to enable JTA platform integration)
2025-10-26T14:05:47.738+01:00  INFO 11008 --- [pi-cloud] [main] j.LocalContainerEntityManagerFactoryBean : Initialized JPA EntityManagerFactory for persistence unit 'default'
2025-10-26T14:05:48.034+01:00  WARN 11008 --- [pi-cloud] [main] JpaBaseConfiguration$JpaWebConfiguration : spring.jpa.open-in-view is enabled by default. Therefore, database queries may be performed during view rendering. Explicitly configure spring.jpa.open-in-view to disable this warning
2025-10-26T14:05:48.061+01:00  INFO 11008 --- [pi-cloud] [main] o.s.b.a.w.s.WelcomePageHandlerMapping    : Adding welcome page: class path resource [public/index.html]
2025-10-26T14:05:48.315+01:00  INFO 11008 --- [pi-cloud] [main] o.s.b.a.h2.H2ConsoleAutoConfiguration    : H2 console available at '/h2-console'. Database available at 'jdbc:h2:file:./data/picloud'
2025-10-26T14:05:48.384+01:00  INFO 11008 --- [pi-cloud] [main] o.s.b.w.embedded.tomcat.TomcatWebServer  : Tomcat started on port 8080 (http) with context path '/'
2025-10-26T14:05:48.392+01:00  INFO 11008 --- [pi-cloud] [main] de.turtle.PiCloudApplication             : Started PiCloudApplication in 7.728 seconds (process running for 7.993)
2025-10-26T14:05:48.425+01:00  INFO 11008 --- [pi-cloud] [main] de.turtle.extern.FisHealth               : FIS native library loaded successfully.
2025-10-26T14:05:52.035+01:00  INFO 11008 --- [pi-cloud] [http-nio-192.168.178.36-8080-exec-1] o.a.c.c.C.[Tomcat].[localhost].[/]       : Initializing Spring DispatcherServlet 'dispatcherServlet'
2025-10-26T14:05:52.035+01:00  INFO 11008 --- [pi-cloud] [http-nio-192.168.178.36-8080-exec-1] o.s.web.servlet.DispatcherServlet        : Initializing Servlet 'dispatcherServlet'
2025-10-26T14:05:52.036+01:00  INFO 11008 --- [pi-cloud] [http-nio-192.168.178.36-8080-exec-1] o.s.web.servlet.DispatcherServlet        : Completed initialization in 1 ms
2025-10-26T14:06:00.543+01:00 ERROR 11008 --- [pi-cloud] [http-nio-192.168.178.36-8080-exec-2] de.turtle.services.CloudService          : File with name files already exists in DB!
2025-10-26T14:14:03.968+01:00  INFO 15124 --- [pi-cloud] [main] de.turtle.PiCloudApplication             : Starting PiCloudApplication using Java 24.0.2 with PID 15124 (C:\Users\Admin\Projects\pi_cloud\target\classes started by Admin in C:\Users\Admin\Projects\pi_cloud)
2025-10-26T14:14:03.971+01:00  INFO 15124 --- [pi-cloud] [main] de.turtle.PiCloudApplication             : No active profile set, falling back to 1 default profile: "default"
2025-10-26T14:14:04.567+01:00  INFO 15124 --- [pi-cloud] [main] .s.d.r.c.RepositoryConfigurationDelegate : Bootstrapping Spring Data JPA repositories in DEFAULT mode.
2025-10-26T14:14:04.624+01:00  INFO 15124 --- [pi-cloud] [main] .s.d.r.c.RepositoryConfigurationDelegate : Finished Spring Data repository scanning in 47 ms. Found 1 JPA repository interface.
2025-10-26T14:14:05.052+01:00  INFO 15124 --- [pi-cloud] [main] o.s.b.w.embedded.tomcat.TomcatWebServer  : Tomcat initialized with port 8080 (http)
2025-10-26T14:14:05.068+01:00  INFO 15124 --- [pi-cloud] [main] o.apache.catalina.core.StandardService   : Starting service [Tomcat]
2025-10-26T14:14:05.068+01:00  INFO 15124 --- [pi-cloud] [main] o.apache.catalina.core.StandardEngine    : Starting Servlet engine: [Apache Tomcat/10.1.44]
2025-10-26T14:14:05.120+01:00  INFO 15124 --- [pi-cloud] [main] o.a.c.c.C.[Tomcat].[localhost].[/]       : Initializing Spring embedded WebApplicationContext
2025-10-26T14:14:05.121+01:00  INFO 15124 --- [pi-cloud] [main] w.s.c.ServletWebServerApplicationContext : Root WebApplicationContext: initialization completed in 1110 ms
2025-10-26T14:14:05.291+01:00  INFO 15124 --- [pi-cloud] [main] o.hibernate.jpa.internal.util.LogHelper  : HHH000204: Processing PersistenceUnitInfo [name: default]
2025-10-26T14:14:05.340+01:00  INFO 15124 --- [pi-cloud] [main] org.hibernate.Version                    : HHH000412: Hibernate ORM core version 6.6.26.Final
2025-10-26T14:14:05.377+01:00  INFO 15124 --- [pi-cloud] [main] o.h.c.internal.RegionFactoryInitiator    : HHH000026: Second-level cache disabled
2025-10-26T14:14:05.641+01:00  INFO 15124 --- [pi-cloud] [main] o.s.o.j.p.SpringPersistenceUnitInfo      : No LoadTimeWeaver setup: ignoring JPA class transformer
2025-10-26T14:14:05.669+01:00  INFO 15124 --- [pi-cloud] [main] com.zaxxer.hikari.HikariDataSource       : HikariPool-1 - Starting...
2025-10-26T14:14:09.962+01:00  INFO 15124 --- [pi-cloud] [main] com.zaxxer.hikari.pool.HikariPool        : HikariPool-1 - Added connection conn1: url=jdbc:h2:file:./data/picloud user=SA
2025-10-26T14:14:09.966+01:00  INFO 15124 --- [pi-cloud] [main] com.zaxxer.hikari.HikariDataSource       : HikariPool-1 - Start completed.
2025-10-26T14:14:09.989+01:00  WARN 15124 --- [pi-cloud] [main] org.hibernate.orm.deprecation            : HHH90000025: H2Dialect does not need to be specified explicitly using 'hibernate.dialect' (remove the property setting and it will be selected by default)
2025-10-26T14:14:10.006+01:00  INFO 15124 --- [pi-cloud] [main] org.hibernate.orm.connections.pooling    : HHH10001005: Database info:
	Database JDBC URL [Connecting through datasource 'HikariDataSource (HikariPool-1)']
	Database driver: undefined/unknown
	Database version: 2.3.232
	Autocommit mode: undefined/unknown
	Isolation level: undefined/unknown
	Minimum pool size: undefined/unknown
	Maximum pool size: undefined/unknown
2025-10-26T14:14:10.548+01:00  INFO 15124 --- [pi-cloud] [main] o.h.e.t.j.p.i.JtaPlatformInitiator       : HHH000489: No JTA platform available (set 'hibernate.transaction.jta.platform' to enable JTA platform integration)
2025-10-26T14:14:10.580+01:00  INFO 15124 --- [pi-cloud] [main] j.LocalContainerEntityManagerFactoryBean : Initialized JPA EntityManagerFactory for persistence unit 'default'
2025-10-26T14:14:10.982+01:00  WARN 15124 --- [pi-cloud] [main] JpaBaseConfiguration$JpaWebConfiguration : spring.jpa.open-in-view is enabled by default. Therefore, database queries may be performed during view rendering. Explicitly configure spring.jpa.open-in-view to disable this warning
2025-10-26T14:14:11.013+01:00  INFO 15124 --- [pi-cloud] [main] o.s.b.a.w.s.WelcomePageHandlerMapping    : Adding welcome page: class path resource [public/index.html]
2025-10-26T14:14:11.284+01:00  INFO 15124 --- [pi-cloud] [main] o.s.b.a.h2.H2ConsoleAutoConfiguration    : H2 console available at '/h2-console'. Database available at 'jdbc:h2:file:./data/picloud'
2025-10-26T14:14:11.359+01:00  INFO 15124 --- [pi-cloud] [main] o.s.b.w.embedded.tomcat.TomcatWebServer  : Tomcat started on port 8080 (http) with context path '/'
2025-10-26T14:14:11.367+01:00  INFO 15124 --- [pi-cloud] [main] de.turtle.PiCloudApplication             : Started PiCloudApplication in 7.804 seconds (process running for 8.071)
2025-10-26T14:14:11.398+01:00  INFO 15124 --- [pi-cloud] [main] de.turtle.extern.FisHealth               : FIS native library loaded successfully.
2025-10-26T14:16:06.818+01:00  INFO 15124 --- [pi-cloud] [http-nio-192.168.178.36-8080-exec-1] o.a.c.c.C.[Tomcat].[localhost].[/]       : Initializing Spring DispatcherServlet 'dispatcherServlet'
2025-10-26T14:16:06.818+01:00  INFO 15124 --- [pi-cloud] [http-nio-192.168.178.36-8080-exec-1] o.s.web.servlet.DispatcherServlet        : Initializing Servlet 'dispatcherServlet'
2025-10-26T14:16:06.819+01:00  INFO 15124 --- [pi-cloud] [http-nio-192.168.178.36-8080-exec-1] o.s.web.servlet.DispatcherServlet        : Completed initialization in 0 ms
2025-10-26T14:32:03.409+01:00  WARN 15124 --- [pi-cloud] [http-nio-192.168.178.36-8080-exec-2] .w.s.m.s.DefaultHandlerExceptionResolver : Resolved [org.springframework.web.HttpRequestMethodNotSupportedException: Request method 'GET' is not supported]
2025-10-26T14:32:08.564+01:00  WARN 15124 --- [pi-cloud] [http-nio-192.168.178.36-8080-exec-3] .w.s.m.s.DefaultHandlerExceptionResolver : Resolved [org.springframework.web.HttpRequestMethodNotSupportedException: Request method 'GET' is not supported]
2025-10-26T14:32:11.779+01:00  WARN 15124 --- [pi-cloud] [http-nio-192.168.178.36-8080-exec-6] .w.s.m.s.DefaultHandlerExceptionResolver : Resolved [org.springframework.web.HttpRequestMethodNotSupportedException: Request method 'GET' is not supported]
2025-10-26T14:39:25.933+01:00  INFO 14540 --- [pi-cloud] [main] de.turtle.PiCloudApplication             : Starting PiCloudApplication using Java 24.0.2 with PID 14540 (C:\Users\Admin\Projects\pi_cloud\target\classes started by Admin in C:\Users\Admin\Projects\pi_cloud)
2025-10-26T14:39:25.936+01:00  INFO 14540 --- [pi-cloud] [main] de.turtle.PiCloudApplication             : No active profile set, falling back to 1 default profile: "default"
2025-10-26T14:39:26.545+01:00  INFO 14540 --- [pi-cloud] [main] .s.d.r.c.RepositoryConfigurationDelegate : Bootstrapping Spring Data JPA repositories in DEFAULT mode.
2025-10-26T14:39:26.603+01:00  INFO 14540 --- [pi-cloud] [main] .s.d.r.c.RepositoryConfigurationDelegate : Finished Spring Data repository scanning in 49 ms. Found 1 JPA repository interface.
2025-10-26T14:39:27.051+01:00  INFO 14540 --- [pi-cloud] [main] o.s.b.w.embedded.tomcat.TomcatWebServer  : Tomcat initialized with port 8080 (http)
2025-10-26T14:39:27.066+01:00  INFO 14540 --- [pi-cloud] [main] o.apache.catalina.core.StandardService   : Starting service [Tomcat]
2025-10-26T14:39:27.066+01:00  INFO 14540 --- [pi-cloud] [main] o.apache.catalina.core.StandardEngine    : Starting Servlet engine: [Apache Tomcat/10.1.44]
2025-10-26T14:39:27.121+01:00  INFO 14540 --- [pi-cloud] [main] o.a.c.c.C.[Tomcat].[localhost].[/]       : Initializing Spring embedded WebApplicationContext
2025-10-26T14:39:27.122+01:00  INFO 14540 --- [pi-cloud] [main] w.s.c.ServletWebServerApplicationContext : Root WebApplicationContext: initialization completed in 1141 ms
2025-10-26T14:39:27.299+01:00  INFO 14540 --- [pi-cloud] [main] o.hibernate.jpa.internal.util.LogHelper  : HHH000204: Processing PersistenceUnitInfo [name: default]
2025-10-26T14:39:27.372+01:00  INFO 14540 --- [pi-cloud] [main] org.hibernate.Version                    : HHH000412: Hibernate ORM core version 6.6.26.Final
2025-10-26T14:39:27.411+01:00  INFO 14540 --- [pi-cloud] [main] o.h.c.internal.RegionFactoryInitiator    : HHH000026: Second-level cache disabled
2025-10-26T14:39:27.676+01:00  INFO 14540 --- [pi-cloud] [main] o.s.o.j.p.SpringPersistenceUnitInfo      : No LoadTimeWeaver setup: ignoring JPA class transformer
2025-10-26T14:39:27.705+01:00  INFO 14540 --- [pi-cloud] [main] com.zaxxer.hikari.HikariDataSource       : HikariPool-1 - Starting...
2025-10-26T14:39:31.955+01:00  INFO 14540 --- [pi-cloud] [main] com.zaxxer.hikari.pool.HikariPool        : HikariPool-1 - Added connection conn1: url=jdbc:h2:file:./data/picloud user=SA
2025-10-26T14:39:31.956+01:00  INFO 14540 --- [pi-cloud] [main] com.zaxxer.hikari.HikariDataSource       : HikariPool-1 - Start completed.
2025-10-26T14:39:31.976+01:00  WARN 14540 --- [pi-cloud] [main] org.hibernate.orm.deprecation            : HHH90000025: H2Dialect does not need to be specified explicitly using 'hibernate.dialect' (remove the property setting and it will be selected by default)
2025-10-26T14:39:31.990+01:00  INFO 14540 --- [pi-cloud] [main] org.hibernate.orm.connections.pooling    : HHH10001005: Database info:
	Database JDBC URL [Connecting through datasource 'HikariDataSource (HikariPool-1)']
	Database driver: undefined/unknown
	Database version: 2.3.232
	Autocommit mode: undefined/unknown
	Isolation level: undefined/unknown
	Minimum pool size: undefined/unknown
	Maximum pool size: undefined/unknown
2025-10-26T14:39:32.539+01:00  INFO 14540 --- [pi-cloud] [main] o.h.e.t.j.p.i.JtaPlatformInitiator       : HHH000489: No JTA platform available (set 'hibernate.transaction.jta.platform' to enable JTA platform integration)
2025-10-26T14:39:32.572+01:00  INFO 14540 --- [pi-cloud] [main] j.LocalContainerEntityManagerFactoryBean : Initialized JPA EntityManagerFactory for persistence unit 'default'
2025-10-26T14:39:32.869+01:00  WARN 14540 --- [pi-cloud] [main] JpaBaseConfiguration$JpaWebConfiguration : spring.jpa.open-in-view is enabled by default. Therefore, database queries may be performed during view rendering. Explicitly configure spring.jpa.open-in-view to disable this warning
2025-10-26T14:39:32.897+01:00  INFO 14540 --- [pi-cloud] [main] o.s.b.a.w.s.WelcomePageHandlerMapping    : Adding welcome page: class path resource [public/index.html]
2025-10-26T14:39:33.150+01:00  INFO 14540 --- [pi-cloud] [main] o.s.b.a.h2.H2ConsoleAutoConfiguration    : H2 console available at '/h2-console'. Database available at 'jdbc:h2:file:./data/picloud'
2025-10-26T14:39:33.227+01:00  INFO 14540 --- [pi-cloud] [main] o.s.b.w.embedded.tomcat.TomcatWebServer  : Tomcat started on port 8080 (http) with context path '/'
2025-10-26T14:39:33.234+01:00  INFO 14540 --- [pi-cloud] [main] de.turtle.PiCloudApplication             : Started PiCloudApplication in 7.706 seconds (process running for 7.978)
2025-10-26T14:39:33.267+01:00  INFO 14540 --- [pi-cloud] [main] de.turtle.extern.FisHealth               : FIS native library loaded successfully.
2025-10-26T14:39:56.883+01:00  INFO 14540 --- [pi-cloud] [http-nio-192.168.178.36-8080-exec-2] o.a.c.c.C.[Tomcat].[localhost].[/]       : Initializing Spring DispatcherServlet 'dispatcherServlet'
2025-10-26T14:39:56.883+01:00  INFO 14540 --- [pi-cloud] [http-nio-192.168.178.36-8080-exec-2] o.s.web.servlet.DispatcherServlet        : Initializing Servlet 'dispatcherServlet'
2025-10-26T14:39:56.885+01:00  INFO 14540 --- [pi-cloud] [http-nio-192.168.178.36-8080-exec-2] o.s.web.servlet.DispatcherServlet        : Completed initialization in 2 ms
2025-10-26T14:40:13.535+01:00  INFO 14540 --- [pi-cloud] [http-nio-192.168.178.36-8080-exec-1] de.turtle.services.CloudService          : Decryption successful for file: info.png
2025-10-26T14:40:23.818+01:00  INFO 14540 --- [pi-cloud] [http-nio-192.168.178.36-8080-exec-4] de.turtle.services.CloudService          : Encryption successful for file: info.png
2025-10-26T14:40:37.695+01:00  INFO 14540 --- [pi-cloud] [http-nio-192.168.178.36-8080-exec-5] de.turtle.services.CloudService          : Decryption successful for file: info.png
2025-10-26T15:00:27.542+01:00  INFO 14540 --- [pi-cloud] [http-nio-192.168.178.36-8080-exec-7] de.turtle.services.CloudService          : Encryption successful for file: info.png
2025-10-26T15:02:02.416+01:00  INFO 14540 --- [pi-cloud] [http-nio-192.168.178.36-8080-exec-8] de.turtle.services.CloudService          : Downloaded file: info.png from C:\temp\pi_cloud\files\info.png
